2012-11-07 16:31:17.599 [Worker-0] INFO    com.objectaid.uml.license.LicenseManager initialize: found license Sequence Diagram 1.0.x - EVAL until 2012-12-07
2012-11-07 16:31:18.668 [Worker-3] INFO    com.objectaid.uml.model.manage.DiagramManager getFactories: com.objectaid.uml.diagramFactories[ucls]: com.objectaid.uml.cls.model.ClassDiagramFactory@47086da
2012-11-07 16:31:18.679 [Worker-3] INFO    com.objectaid.uml.model.manage.DiagramManager getFactories: com.objectaid.uml.diagramFactories[useq]: com.objectaid.uml.seq.model.SequenceDiagramFactory@f93fe8d
2012-11-07 16:31:19.309 [Worker-3] INFO    com.objectaid.uml.model.manage.LanguageElementManager getLanguageElementFactories: com.objectaid.uml.languageElementFactories: com.objectaid.uml.java.JavaElementFactory
2012-11-07 16:31:22.037 [main] INFO    com.objectaid.uml.util.extend.ExecutableExtensionManager loadExtensions: found com.objectaid.uml.renderFormats=com.objectaid.uml.render.RasterRenderFormat
2012-11-07 16:31:22.044 [main] INFO    com.objectaid.uml.util.extend.ExecutableExtensionManager loadExtensions: found com.objectaid.uml.renderFormats=com.objectaid.uml.render.RasterRenderFormat
2012-11-07 16:31:22.046 [main] INFO    com.objectaid.uml.util.extend.ExecutableExtensionManager loadExtensions: found com.objectaid.uml.renderFormats=com.objectaid.uml.render.IndexedRasterRenderFormat
2012-11-07 16:31:23.645 [main] WARNING com.objectaid.uml.java.JavaHelper resolveParameterType: Cannot resolve type 'T' of parameter 'map' in method String getAttributesString(Map<PrintableNode<T>,T>) [in AbstractNode [in AbstractNode.java [in clusterer [in src [in TreeBuilderProto]]]]]
2012-11-07 16:31:23.663 [main] WARNING com.objectaid.uml.java.JavaHelper resolveParameterType: Cannot resolve type 'T' of parameter 'map' in method String getAttributesString(Map<PrintableNode<T>,T>) [in AbstractNode [in AbstractNode.java [in clusterer [in src [in TreeBuilderProto]]]]]
2012-11-07 16:31:23.706 [main] WARNING com.objectaid.uml.java.JavaHelper resolveParameterType: Cannot resolve type 'T' of parameter 'o' in method int compareTo(AbstractNode<T>) [in AbstractNode [in AbstractNode.java [in clusterer [in src [in TreeBuilderProto]]]]]
2012-11-07 16:31:23.743 [main] WARNING com.objectaid.uml.java.JavaHelper resolveParameterType: Cannot resolve type 'T' of parameter 'possibleChild' in method boolean isChild(Node<T>) [in AbstractNode [in AbstractNode.java [in clusterer [in src [in TreeBuilderProto]]]]]
2012-11-07 16:31:23.798 [main] WARNING com.objectaid.uml.java.JavaHelper resolveParameterType: Cannot resolve type 'T' of parameter 'child' in method void addChild(Node<T>) [in AbstractNode [in AbstractNode.java [in clusterer [in src [in TreeBuilderProto]]]]]
2012-11-07 16:31:23.831 [main] WARNING com.objectaid.uml.java.JavaHelper resolveParameterType: Cannot resolve type 'T' of parameter 'parent' in method void setParent(Node<T>) [in AbstractNode [in AbstractNode.java [in clusterer [in src [in TreeBuilderProto]]]]]
2012-11-07 16:31:23.849 [main] WARNING com.objectaid.uml.java.JavaHelper resolveParameterType: Cannot resolve type 'T' of parameter 'otherNode' in method double getDistance(Node<T>) [in Node [in Node.java [in clusterer [in src [in TreeBuilderProto]]]]]
2012-11-07 16:31:23.857 [main] WARNING com.objectaid.uml.java.JavaHelper resolveParameterType: Cannot resolve type 'T' of parameter 'attributes' in method void setAttributes(Map<Node<T>,T>) [in Node [in Node.java [in clusterer [in src [in TreeBuilderProto]]]]]
2012-11-07 16:31:23.861 [main] WARNING com.objectaid.uml.java.JavaHelper resolveParameterType: Cannot resolve type 'T' of parameter 'attributes' in method void setAttributes(Map<Node<T>,T>) [in Node [in Node.java [in clusterer [in src [in TreeBuilderProto]]]]]
2012-11-07 16:31:23.869 [main] WARNING com.objectaid.uml.java.JavaHelper resolveParameterType: Cannot resolve type 'T' of parameter 'node' in method T getAttributeValue(Node<T>) [in Node [in Node.java [in clusterer [in src [in TreeBuilderProto]]]]]
2012-11-07 16:31:23.883 [main] WARNING com.objectaid.uml.java.JavaHelper resolveParameterType: Cannot resolve type 'T' of parameter 'child' in method void addChild(Node<T>) [in Node [in Node.java [in clusterer [in src [in TreeBuilderProto]]]]]
2012-11-07 16:31:23.894 [main] WARNING com.objectaid.uml.java.JavaHelper resolveParameterType: Cannot resolve type 'T' of parameter 'possibleChild' in method boolean isChild(Node<T>) [in Node [in Node.java [in clusterer [in src [in TreeBuilderProto]]]]]
2012-11-07 16:31:23.903 [main] WARNING com.objectaid.uml.java.JavaHelper resolveParameterType: Cannot resolve type 'T' of parameter 'parent' in method void setParent(Node<T>) [in Node [in Node.java [in clusterer [in src [in TreeBuilderProto]]]]]
2012-11-07 16:31:23.969 [main] WARNING com.objectaid.uml.java.JavaHelper resolveParameterType: Cannot resolve type 'T' of parameter 'movies' in method void setAttributes(Map<Node<T>,T>) [in UserNode [in UserNode.java [in clusterer [in src [in TreeBuilderProto]]]]]
2012-11-07 16:31:23.978 [main] WARNING com.objectaid.uml.java.JavaHelper resolveParameterType: Cannot resolve type 'T' of parameter 'movies' in method void setAttributes(Map<Node<T>,T>) [in UserNode [in UserNode.java [in clusterer [in src [in TreeBuilderProto]]]]]
2012-11-07 16:31:23.992 [main] WARNING com.objectaid.uml.java.JavaHelper resolveParameterType: Cannot resolve type 'T' of parameter 'node' in method T getAttributeValue(Node<T>) [in UserNode [in UserNode.java [in clusterer [in src [in TreeBuilderProto]]]]]
2012-11-07 16:31:24.058 [main] WARNING com.objectaid.uml.java.JavaHelper resolveParameterType: Cannot resolve type 'T' of parameter 'users' in method void setAttributes(Map<Node<T>,T>) [in MovieNode [in MovieNode.java [in clusterer [in src [in TreeBuilderProto]]]]]
2012-11-07 16:31:24.064 [main] WARNING com.objectaid.uml.java.JavaHelper resolveParameterType: Cannot resolve type 'T' of parameter 'users' in method void setAttributes(Map<Node<T>,T>) [in MovieNode [in MovieNode.java [in clusterer [in src [in TreeBuilderProto]]]]]
2012-11-07 16:31:24.077 [main] WARNING com.objectaid.uml.java.JavaHelper resolveParameterType: Cannot resolve type 'T' of parameter 'node' in method T getAttributeValue(Node<T>) [in MovieNode [in MovieNode.java [in clusterer [in src [in TreeBuilderProto]]]]]
2012-11-07 16:31:24.104 [main] WARNING com.objectaid.uml.java.JavaHelper resolveParameterType: Cannot resolve type 'T' of parameter 'nodesToMerge' in method Node<T> createNode(List<Node<T>>) [in Factory [in Factory.java [in clusterer [in src [in TreeBuilderProto]]]]]
2012-11-07 16:31:24.222 [main] WARNING com.objectaid.uml.java.JavaHelper resolveParameterType: Cannot resolve type 'T' of parameter 'nodesToMerge' in method Node<T> createNode(List<Node<T>>) [in ContentNodeFactory [in ContentNodeFactory.java [in clusterer [in src [in TreeBuilderProto]]]]]
2012-11-07 16:31:24.259 [main] WARNING com.objectaid.uml.java.JavaHelper resolveParameterType: Cannot resolve type 'T' of parameter 'nodesToMerge' in method Node<T> createNode(List<Node<T>>) [in UserNodeFactory [in UserNodeFactory.java [in clusterer [in src [in TreeBuilderProto]]]]]
2012-11-07 16:31:24.859 [main] WARNING com.objectaid.uml.java.AssociationCandidateFactory createGenericsCandidate: failed to resolve return type parameter for Map<Node<T>,T> movies [in UserNode [in UserNode.java [in clusterer [in src [in TreeBuilderProto]]]]]
2012-11-07 16:31:24.976 [main] WARNING com.objectaid.uml.java.AssociationCandidateFactory createGenericsCandidate: failed to resolve return type parameter for Map<Node<T>,T> users [in MovieNode [in MovieNode.java [in clusterer [in src [in TreeBuilderProto]]]]]
2012-11-07 18:38:17.762 [main] WARNING com.objectaid.uml.java.JavaHelper resolveParameterType: Cannot resolve type 'T' of parameter 'map' in method String getAttributesString(Map<PrintableNode,T>) [in AbstractNode [in AbstractNode.java [in clusterer [in src [in TreeBuilderProto]]]]]
2012-11-07 18:38:18.644 [main] WARNING com.objectaid.uml.java.JavaHelper resolveParameterType: Cannot resolve type 'T' of parameter 'users' in method void setAttributes(Map<Node,T>) [in MovieNode [in MovieNode.java [in clusterer [in src [in TreeBuilderProto]]]]]
2012-11-07 18:38:18.972 [main] WARNING com.objectaid.uml.java.JavaHelper resolveParameterType: Cannot resolve type 'T' of parameter 'attributes' in method void setAttributes(Map<Node,T>) [in Node [in Node.java [in clusterer [in src [in TreeBuilderProto]]]]]
2012-11-07 18:38:20.330 [main] WARNING com.objectaid.uml.java.JavaHelper resolveParameterType: Cannot resolve type 'T' of parameter 'movies' in method void setAttributes(Map<Node,T>) [in UserNode [in UserNode.java [in clusterer [in src [in TreeBuilderProto]]]]]
